

Started GET "/" for 127.0.0.1 at 2016-05-05 20:36:24 -0300
Processing by Rails::WelcomeController#index as HTML
  Rendered /home/jonatas/.rvm/gems/ruby-2.3.0/gems/railties-4.2.2/lib/rails/templates/rails/welcome/index.html.erb (3.3ms)
Completed 200 OK in 79ms (Views: 60.6ms | ActiveRecord: 0.0ms)


Started GET "/" for 127.0.0.1 at 2016-05-05 20:36:29 -0300
Processing by Rails::WelcomeController#index as HTML
  Rendered /home/jonatas/.rvm/gems/ruby-2.3.0/gems/railties-4.2.2/lib/rails/templates/rails/welcome/index.html.erb (0.1ms)
Completed 200 OK in 3ms (Views: 2.4ms | ActiveRecord: 0.0ms)


Started GET "/" for 127.0.0.1 at 2016-05-05 20:36:33 -0300
Processing by Rails::WelcomeController#index as HTML
  Rendered /home/jonatas/.rvm/gems/ruby-2.3.0/gems/railties-4.2.2/lib/rails/templates/rails/welcome/index.html.erb (0.1ms)
Completed 200 OK in 3ms (Views: 2.6ms | ActiveRecord: 0.0ms)


Started GET "/" for 127.0.0.1 at 2016-05-05 20:36:39 -0300
Processing by Rails::WelcomeController#index as HTML
  Rendered /home/jonatas/.rvm/gems/ruby-2.3.0/gems/railties-4.2.2/lib/rails/templates/rails/welcome/index.html.erb (0.1ms)
Completed 200 OK in 2ms (Views: 1.9ms | ActiveRecord: 0.0ms)


Started GET "/" for 127.0.0.1 at 2016-05-05 20:36:55 -0300
Processing by Rails::WelcomeController#index as HTML
  Rendered /home/jonatas/.rvm/gems/ruby-2.3.0/gems/railties-4.2.2/lib/rails/templates/rails/welcome/index.html.erb (0.1ms)
Completed 200 OK in 4ms (Views: 3.2ms | ActiveRecord: 0.0ms)


Started GET "/home" for 127.0.0.1 at 2016-05-05 20:37:22 -0300

ActionController::RoutingError (No route matches [GET] "/home"):
  web-console (2.0.0) lib/action_dispatch/debug_exceptions.rb:22:in `middleware_call'
  web-console (2.0.0) lib/action_dispatch/debug_exceptions.rb:13:in `call'
  actionpack (4.2.2) lib/action_dispatch/middleware/show_exceptions.rb:30:in `call'
  railties (4.2.2) lib/rails/rack/logger.rb:38:in `call_app'
  railties (4.2.2) lib/rails/rack/logger.rb:20:in `block in call'
  activesupport (4.2.2) lib/active_support/tagged_logging.rb:68:in `block in tagged'
  activesupport (4.2.2) lib/active_support/tagged_logging.rb:26:in `tagged'
  activesupport (4.2.2) lib/active_support/tagged_logging.rb:68:in `tagged'
  railties (4.2.2) lib/rails/rack/logger.rb:20:in `call'
  actionpack (4.2.2) lib/action_dispatch/middleware/request_id.rb:21:in `call'
  rack (1.6.4) lib/rack/methodoverride.rb:22:in `call'
  rack (1.6.4) lib/rack/runtime.rb:18:in `call'
  activesupport (4.2.2) lib/active_support/cache/strategy/local_cache_middleware.rb:28:in `call'
  rack (1.6.4) lib/rack/lock.rb:17:in `call'
  actionpack (4.2.2) lib/action_dispatch/middleware/static.rb:113:in `call'
  rack (1.6.4) lib/rack/sendfile.rb:113:in `call'
  railties (4.2.2) lib/rails/engine.rb:518:in `call'
  railties (4.2.2) lib/rails/application.rb:164:in `call'
  rack (1.6.4) lib/rack/lock.rb:17:in `call'
  rack (1.6.4) lib/rack/content_length.rb:15:in `call'
  rack (1.6.4) lib/rack/handler/webrick.rb:88:in `service'
  /home/jonatas/.rvm/rubies/ruby-2.3.0/lib/ruby/2.3.0/webrick/httpserver.rb:140:in `service'
  /home/jonatas/.rvm/rubies/ruby-2.3.0/lib/ruby/2.3.0/webrick/httpserver.rb:96:in `run'
  /home/jonatas/.rvm/rubies/ruby-2.3.0/lib/ruby/2.3.0/webrick/server.rb:296:in `block in start_thread'


  Rendered /home/jonatas/.rvm/gems/ruby-2.3.0/gems/web-console-2.0.0/lib/action_dispatch/templates/rescues/_trace.html.erb (2.4ms)
  Rendered /home/jonatas/.rvm/gems/ruby-2.3.0/gems/web-console-2.0.0/lib/action_dispatch/templates/routes/_table.html.erb (30.5ms)
  Rendered /home/jonatas/.rvm/gems/ruby-2.3.0/gems/web-console-2.0.0/lib/action_dispatch/templates/rescues/_request_and_response.html.erb (1.8ms)
  Rendered /home/jonatas/.rvm/gems/ruby-2.3.0/gems/web-console-2.0.0/lib/action_dispatch/templates/rescues/_web_console.html.erb (1.5ms)
  Rendered /home/jonatas/.rvm/gems/ruby-2.3.0/gems/web-console-2.0.0/lib/action_dispatch/templates/rescues/routing_error.html.erb within rescues/layout (64.9ms)


Started PUT "/console/repl_sessions/511f0ee39891b0743c765a6d60157993" for 127.0.0.1 at 2016-05-05 20:37:39 -0300
